RoutingCost 2119
RoutingPath 999
0 0
0 1
0 2
0 3
0 4
0 5
1 5
2 5
3 5
3 6
3 7
3 8
3 9
4 9
4 10
4 11
4 12
5 12
5 13
5 14
5 15
5 16
5 17
6 17
6 18
6 19
6 20
7 20
8 20
8 21
9 21
9 22
10 22
10 23
10 24
11 24
12 24
12 25
13 25
14 25
14 26
15 26
16 26
17 26
18 26
18 27
18 28
18 29
18 30
19 30
19 31
20 31
21 31
21 32
21 33
21 34
21 35
22 35
22 36
22 37
22 38
22 39
22 40
22 41
22 42
22 43
22 44
22 45
22 46
23 46
23 47
23 48
24 48
24 49
24 50
25 50
25 51
25 52
26 52
27 52
28 52
28 53
28 54
28 55
28 56
28 57
29 57
30 57
31 57
31 58
31 59
31 60
32 60
33 60
34 60
35 60
36 60
36 61
37 61
38 61
39 61
40 61
40 62
41 62
42 62
43 62
44 62
45 62
46 62
47 62
48 62
48 63
49 63
50 63
51 63
52 63
53 63
53 64
53 65
53 66
54 66
54 67
54 68
55 68
55 69
55 70
55 71
55 72
55 73
55 74
55 75
55 76
56 76
56 77
57 77
57 78
57 79
58 79
59 79
60 79
61 79
62 79
62 80
63 80
63 81
64 81
65 81
66 81
66 82
66 83
67 83
68 83
69 83
70 83
71 83
72 83
73 83
74 83
74 84
75 84
76 84
77 84
78 84
79 84
80 84
80 85
81 85
82 85
83 85
84 85
84 86
85 86
85 87
85 88
85 89
86 89
87 89
88 89
89 89
90 89
91 89
92 89
93 89
94 89
95 89
96 89
97 89
98 89
99 89
100 89
101 89
102 89
102 90
102 91
103 91
104 91
105 91
106 91
106 92
107 92
108 92
109 92
110 92
111 92
111 93
112 93
113 93
114 93
115 93
115 94
116 94
117 94
118 94
119 94
120 94
120 95
121 95
122 95
123 95
124 95
125 95
126 95
127 95
128 95
129 95
130 95
130 96
130 97
130 98
130 99
131 99
131 100
132 100
133 100
134 100
134 101
135 101
136 101
137 101
138 101
139 101
140 101
141 101
141 102
141 103
141 104
142 104
142 105
143 105
144 105
145 105
146 105
146 106
146 107
146 108
146 109
146 110
146 111
146 112
146 113
147 113
147 114
147 115
148 115
148 116
148 117
148 118
149 118
150 118
150 119
150 120
150 121
151 121
152 121
152 122
153 122
154 122
154 123
155 123
156 123
156 124
156 125
157 125
158 125
159 125
159 126
159 127
160 127
160 128
161 128
162 128
162 129
162 130
162 131
162 132
162 133
162 134
162 135
162 136
163 136
163 137
164 137
165 137
166 137
166 138
166 139
166 140
166 141
166 142
166 143
166 144
167 144
168 144
169 144
169 145
170 145
171 145
172 145
173 145
173 146
174 146
175 146
176 146
177 146
177 147
177 148
177 149
177 150
177 151
178 151
179 151
180 151
181 151
182 151
182 152
182 153
182 154
182 155
183 155
184 155
184 156
185 156
186 156
186 157
187 157
187 158
187 159
188 159
189 159
189 160
189 161
189 162
190 162
190 163
191 163
191 164
191 165
192 165
192 166
192 167
192 168
192 169
192 170
193 170
193 171
193 172
194 172
194 173
195 173
196 173
197 173
197 174
198 174
199 174
200 174
201 174
202 174
202 175
203 175
203 176
204 176
205 176
205 177
205 178
205 179
205 180
206 180
207 180
208 180
209 180
209 181
209 182
210 182
210 183
210 184
210 185
211 185
211 186
211 187
211 188
211 189
212 189
212 190
212 191
212 192
212 193
212 194
212 195
213 195
213 196
213 197
213 198
213 199
213 200
213 201
213 202
213 203
213 204
213 205
214 205
215 205
215 206
215 207
216 207
216 208
216 209
216 210
216 211
217 211
217 212
217 213
218 213
219 213
219 214
220 214
221 214
221 215
222 215
222 216
222 217
223 217
224 217
224 218
224 219
225 219
226 219
227 219
227 220
227 221
227 222
227 223
227 224
227 225
227 226
228 226
228 227
228 228
228 229
228 230
228 231
228 232
229 232
229 233
230 233
230 234
231 234
231 235
231 236
232 236
233 236
234 236
234 237
235 237
236 237
236 238
236 239
237 239
238 239
239 239
240 239
241 239
242 239
242 240
242 241
242 242
242 243
243 243
243 244
244 244
245 244
246 244
247 244
248 244
248 245
249 245
250 245
250 246
250 247
250 248
251 248
252 248
253 248
253 249
253 250
253 251
253 252
254 252
255 252
255 253
255 254
255 255
256 255
257 255
257 256
257 257
258 257
259 257
260 257
261 257
262 257
262 258
262 259
263 259
264 259
265 259
265 260
265 261
265 262
265 263
266 263
267 263
268 263
269 263
269 264
270 264
271 264
272 264
273 264
274 264
275 264
275 265
276 265
276 266
276 267
276 268
276 269
276 270
276 271
276 272
276 273
277 273
278 273
279 273
279 274
279 275
279 276
279 277
280 277
280 278
281 278
282 278
282 279
282 280
282 281
283 281
284 281
285 281
286 281
287 281
288 281
289 281
290 281
291 281
291 282
291 283
292 283
292 284
293 284
294 284
294 285
295 285
296 285
297 285
298 285
298 286
298 287
299 287
299 288
300 288
301 288
302 288
303 288
303 289
304 289
305 289
305 290
305 291
305 292
305 293
305 294
305 295
306 295
307 295
308 295
309 295
310 295
310 296
311 296
311 297
312 297
312 298
312 299
313 299
314 299
314 300
314 301
314 302
315 302
315 303
316 303
316 304
316 305
316 306
317 306
317 307
317 308
318 308
318 309
319 309
320 309
321 309
321 310
321 311
321 312
321 313
321 314
321 315
321 316
322 316
322 317
322 318
323 318
324 318
325 318
326 318
326 319
326 320
327 320
328 320
328 321
329 321
330 321
331 321
331 322
332 322
332 323
333 323
333 324
334 324
334 325
334 326
334 327
334 328
334 329
335 329
335 330
335 331
335 332
335 333
336 333
337 333
338 333
339 333
340 333
340 334
341 334
342 334
343 334
343 335
344 335
344 336
345 336
345 337
345 338
345 339
345 340
346 340
347 340
347 341
347 342
347 343
347 344
347 345
348 345
349 345
350 345
350 346
350 347
351 347
351 348
351 349
352 349
353 349
353 350
353 351
353 352
354 352
355 352
355 353
355 354
355 355
355 356
356 356
356 357
356 358
356 359
356 360
356 361
356 362
356 363
356 364
356 365
356 366
356 367
356 368
357 368
357 369
357 370
357 371
357 372
357 373
358 373
358 374
358 375
358 376
358 377
358 378
358 379
358 380
358 381
358 382
358 383
359 383
359 384
359 385
360 385
361 385
362 385
363 385
364 385
365 385
365 386
365 387
365 388
365 389
365 390
366 390
366 391
366 392
367 392
367 393
368 393
369 393
369 394
370 394
371 394
372 394
372 395
372 396
372 397
373 397
374 397
374 398
374 399
374 400
374 401
375 401
375 402
375 403
376 403
377 403
378 403
379 403
379 404
379 405
380 405
381 405
381 406
381 407
382 407
382 408
382 409
382 410
382 411
383 411
383 412
383 413
383 414
384 414
385 414
386 414
387 414
387 415
387 416
388 416
388 417
389 417
390 417
391 417
392 417
393 417
394 417
395 417
396 417
397 417
398 417
399 417
400 417
401 417
402 417
403 417
403 418
403 419
403 420
403 421
404 421
405 421
405 422
405 423
405 424
405 425
405 426
405 427
406 427
406 428
406 429
406 430
406 431
406 432
407 432
407 433
408 433
408 434
409 434
410 434
411 434
411 435
411 436
411 437
411 438
412 438
413 438
414 438
414 439
415 439
416 439
417 439
417 440
418 440
418 441
419 441
419 442
419 443
419 444
420 444
421 444
421 445
422 445
423 445
423 446
424 446
425 446
426 446
426 447
427 447
428 447
428 448
429 448
429 449
430 449
430 450
430 451
431 451
432 451
432 452
432 453
432 454
432 455
433 455
433 456
433 457
433 458
433 459
434 459
435 459
435 460
435 461
436 461
436 462
436 463
436 464
437 464
437 465
438 465
439 465
440 465
441 465
442 465
443 465
444 465
445 465
446 465
447 465
447 466
447 467
448 467
449 467
450 467
451 467
452 467
453 467
453 468
453 469
454 469
454 470
455 470
456 470
456 471
456 472
457 472
458 472
458 473
458 474
458 475
459 475
460 475
460 476
461 476
462 476
462 477
462 478
462 479
463 479
464 479
465 479
466 479
466 480
466 481
467 481
468 481
468 482
469 482
470 482
470 483
470 484
470 485
471 485
472 485
473 485
473 486
474 486
475 486
475 487
476 487
476 488
477 488
478 488
479 488
480 488
481 488
482 488
482 489
483 489
484 489
485 489
486 489
486 490
487 490
488 490
489 490
490 490
491 490
492 490
493 490
494 490
495 490
496 490
497 490
497 491
497 492
498 492
498 493
498 494
498 495
498 496
498 497
498 498
499 498
499 499