RoutingCost 207
RoutingPath 99
0 0
1 0
2 0
2 1
3 1
4 1
4 2
5 2
5 3
5 4
5 5
5 6
5 7
5 8
6 8
6 9
7 9
7 10
7 11
7 12
7 13
7 14
8 14
8 15
8 16
8 17
9 17
9 18
9 19
10 19
11 19
12 19
13 19
14 19
15 19
16 19
16 20
16 21
17 21
17 22
18 22
18 23
18 24
19 24
20 24
20 25
21 25
22 25
23 25
24 25
24 26
24 27
25 27
25 28
25 29
25 30
26 30
26 31
27 31
27 32
28 32
29 32
29 33
29 34
29 35
29 36
30 36
31 36
31 37
31 38
31 39
31 40
32 40
33 40
34 40
35 40
36 40
37 40
37 41
38 41
39 41
39 42
39 43
39 44
40 44
41 44
42 44
43 44
43 45
43 46
43 47
44 47
44 48
44 49
45 49
46 49
47 49
48 49
49 49